[debug] [2022-04-26T18:56:52.516Z] ----------------------------------------------------------------------
[debug] [2022-04-26T18:56:52.535Z] Command:       C:\Program Files\nodejs\node.exe C:\Users\sagib\AppData\Roaming\npm\node_modules\firebase-tools\lib\bin\firebase.js init
[debug] [2022-04-26T18:56:52.540Z] CLI Version:   10.7.1
[debug] [2022-04-26T18:56:52.541Z] Platform:      win32
[debug] [2022-04-26T18:56:52.542Z] Node Version:  v16.13.0
[debug] [2022-04-26T18:56:52.553Z] Time:          Tue Apr 26 2022 21:56:52 GMT+0300 (Israel Daylight Time)
[debug] [2022-04-26T18:56:52.554Z] ----------------------------------------------------------------------
[debug] 
[debug] [2022-04-26T18:56:52.579Z] >>> [apiv2][query] GET https://firebase-public.firebaseio.com/cli.json [none]
[debug] [2022-04-26T18:56:53.225Z] > command requires scopes: ["email","openid","https://www.googleapis.com/auth/cloudplatformprojects.readonly","https://www.googleapis.com/auth/firebase","https://www.googleapis.com/auth/cloud-platform"]
[debug] [2022-04-26T18:56:53.226Z] > authorizing via signed-in user (sagibarshai1@gmail.com)
[info] 
     ######## #### ########  ######## ########     ###     ######  ########
     ##        ##  ##     ## ##       ##     ##  ##   ##  ##       ##
     ######    ##  ########  ######   ########  #########  ######  ######
     ##        ##  ##    ##  ##       ##     ## ##     ##       ## ##
     ##       #### ##     ## ######## ########  ##     ##  ######  ########

You're about to initialize a Firebase project in this directory:

  C:\Users\sagib\Desktop\Project-new\todo-app

Before we get started, keep in mind:

  * You are initializing within an existing Firebase project directory

[debug] [2022-04-26T18:56:53.987Z] <<< [apiv2][status] GET https://firebase-public.firebaseio.com/cli.json 200
[debug] [2022-04-26T18:56:53.988Z] <<< [apiv2][body] GET https://firebase-public.firebaseio.com/cli.json {"cloudBuildErrorAfter":1594252800000,"cloudBuildWarnAfter":1590019200000,"defaultNode10After":1594252800000,"minVersion":"3.0.5","node8DeploysDisabledAfter":1613390400000,"node8RuntimeDisabledAfter":1615809600000,"node8WarnAfter":1600128000000}
[info] 
=== Project Setup
[info] 
[info] First, let's associate this project directory with a Firebase project.
[info] You can create multiple project aliases by running firebase use --add, 
[info] but for now we'll just set up a default project.
[info] 
[debug] [2022-04-26T18:57:50.737Z] Using project from CLI flag: todo-e6e77
[debug] [2022-04-26T18:57:50.741Z] > refreshing access token with scopes: []
[debug] [2022-04-26T18:57:50.744Z] >>> HTTP REQUEST POST https://www.googleapis.com/oauth2/v3/token  
 <request body omitted>
[debug] [2022-04-26T18:57:51.018Z] <<< HTTP RESPONSE 200 {"expires":"Mon, 01 Jan 1990 00:00:00 GMT","date":"Tue, 26 Apr 2022 18:57:50 GMT","pragma":"no-cache","cache-control":"no-cache, no-store, max-age=0, must-revalidate","content-type":"application/json; charset=utf-8","vary":"X-Origin, Referer, Origin,Accept-Encoding","server":"scaffolding on HTTPServer2","x-xss-protection":"0","x-frame-options":"SAMEORIGIN","x-content-type-options":"nosniff","alt-svc":"h3=\":443\"; ma=2592000,h3-29=\":443\"; ma=2592000,h3-Q050=\":443\"; ma=2592000,h3-Q046=\":443\"; ma=2592000,h3-Q043=\":443\"; ma=2592000,quic=\":443\"; ma=2592000; v=\"46,43\"","accept-ranges":"none","transfer-encoding":"chunked"}
[debug] [2022-04-26T18:57:51.049Z] >>> [apiv2][query] GET https://firebase.googleapis.com/v1beta1/projects/todo-e6e77 [none]
[debug] [2022-04-26T18:57:51.479Z] <<< [apiv2][status] GET https://firebase.googleapis.com/v1beta1/projects/todo-e6e77 200
[debug] [2022-04-26T18:57:51.479Z] <<< [apiv2][body] GET https://firebase.googleapis.com/v1beta1/projects/todo-e6e77 {"projectId":"todo-e6e77","projectNumber":"840958435372","displayName":"Todo","name":"projects/todo-e6e77","resources":{"hostingSite":"todo-e6e77"},"state":"ACTIVE"}
[info] i  Using project todo-e6e77 (Todo) 
[info] 
=== Hosting Setup
[info] 
[info] Your public directory is the folder (relative to your project directory) that
[info] will contain Hosting assets to be uploaded with firebase deploy. If you
[info] have a build process for your assets, use your build's output directory.
[info] 
